<?xml version="1.0" encoding="UTF-8"?>
<!-- Generated by org.testng.reporters.JUnitXMLReporter -->
<testsuite ignored="0" hostname="DESKTOP-HBAUK9V" failures="0" tests="2" name="Default test" time="56.813" errors="0" timestamp="2021-12-22T15:22:48 IST">
  <testcase classname="com.flipkart.test.AccountsPageTest" name="verifyHomePageTitle" time="0.011"/>
  <testcase classname="com.flipkart.test.AccountsPageTest" name="verifyTabItemsInAccountsPage" time="0.204"/>
</testsuite> <!-- Default test -->
