<?xml version="1.0" encoding="UTF-8"?>
<!-- Generated by org.testng.reporters.JUnitXMLReporter -->
<testsuite ignored="0" hostname="LP002839" failures="1" tests="15" name="Test" time="384.936" errors="0" timestamp="2022-03-28T13:29:51 IST">
  <testcase classname="com.flipkart.test.OrderShippingPageTest" name="VerifyOrderDetails" time="0.34"/>
  <testcase classname="com.flipkart.test.OrderDetailsPageTest" name="VerifyOrderDetailsPage" time="0.272"/>
  <testcase classname="com.flipkart.test.OrderPaymentPageTest" name="VerifyPaymentDetails" time="0.076"/>
  <testcase classname="com.flipkart.test.OrderConfirmationPageTest" name="VerifyPaymentDetails" time="0.143"/>
  <testcase classname="com.flipkart.test.LoginPageTest" name="loginPageTitleTest" time="0.006"/>
  <testcase classname="com.flipkart.test.AccountsPageTest" name="verifyHomePageTitle" time="0.007"/>
  <testcase classname="com.flipkart.test.WomenProductPageTest" name="verifyProductDetailsPage" time="10.363"/>
  <testcase classname="com.flipkart.test.ShoppingCartPageTest" name="verifyShoppingCartPage" time="20.527"/>
  <testcase classname="com.flipkart.test.LoginPageTest" name="logoValidationTest" time="0.03"/>
  <testcase classname="com.flipkart.test.AccountsPageTest" name="verifyTabItemsInAccountsPage" time="0.173"/>
  <testcase classname="com.flipkart.test.LoginPageTest" name="loginTest" time="1.889"/>
  <testcase classname="com.flipkart.test.LoginPageTest" name="loginTest" time="1.699">
    <skipped/>
  </testcase> <!-- loginTest -->
  <testcase classname="com.flipkart.test.LoginPageTest" name="loginTest" time="1.164">
    <skipped/>
  </testcase> <!-- loginTest -->
  <testcase classname="com.flipkart.test.LoginPageTest" name="loginTest" time="1.212">
    <skipped/>
  </testcase> <!-- loginTest -->
  <testcase classname="com.flipkart.test.LoginPageTest" name="loginTest" time="3.265">
    <failure type="java.lang.AssertionError" message="expected [My account - My Store] but found [Login - My Store]">
      <![CDATA[java.lang.AssertionError: expected [My account - My Store] but found [Login - My Store]
at com.flipkart.test.LoginPageTest.loginTest(LoginPageTest.java:87)
at java.base/java.util.ArrayList.forEach(ArrayList.java:1511)
at java.base/java.util.concurrent.FutureTask.run(FutureTask.java:264)
at java.base/java.util.concurrent.ThreadPoolExecutor.runWorker(ThreadPoolExecutor.java:1130)
at java.base/java.util.concurrent.ThreadPoolExecutor$Worker.run(ThreadPoolExecutor.java:630)
at java.base/java.lang.Thread.run(Thread.java:832)
... Removed 24 stack frames]]>
    </failure>
  </testcase> <!-- loginTest -->
</testsuite> <!-- Test -->
