<?xml version="1.0" encoding="UTF-8"?>
<!-- Generated by org.testng.reporters.JUnitXMLReporter -->
<testsuite ignored="0" hostname="LP002839" failures="1" tests="12" name="Test" time="194.332" errors="0" timestamp="2022-03-23T11:04:02 IST">
  <testcase classname="com.flipkart.test.LoginPageTest" name="loginPageTitleTest" time="0.017"/>
  <testcase classname="com.flipkart.test.LoginPageTest" name="logoValidationTest" time="0.035"/>
  <testcase classname="com.flipkart.test.LoginPageTest" name="loginTest" time="2.304"/>
  <testcase classname="com.flipkart.test.LoginPageTest" name="loginTest" time="3.088">
    <skipped/>
  </testcase> <!-- loginTest -->
  <testcase classname="com.flipkart.test.LoginPageTest" name="loginTest" time="1.676">
    <skipped/>
  </testcase> <!-- loginTest -->
  <testcase classname="com.flipkart.test.LoginPageTest" name="loginTest" time="5.751">
    <skipped/>
  </testcase> <!-- loginTest -->
  <testcase classname="com.flipkart.test.LoginPageTest" name="loginTest" time="1.69">
    <failure type="java.lang.AssertionError" message="expected [My account - My Store] but found [Login - My Store]">
      <![CDATA[java.lang.AssertionError: expected [My account - My Store] but found [Login - My Store]
at com.flipkart.test.LoginPageTest.loginTest(LoginPageTest.java:86)
at java.base/java.util.ArrayList.forEach(ArrayList.java:1511)
... Removed 33 stack frames]]>
    </failure>
  </testcase> <!-- loginTest -->
  <testcase classname="com.flipkart.test.AccountsPageTest" name="verifyHomePageTitle" time="0.008"/>
  <testcase classname="com.flipkart.test.AccountsPageTest" name="verifyTabItemsInAccountsPage" time="0.168"/>
  <testcase classname="com.flipkart.test.WomenProductPageTest" name="verifyProductDetailsPage" time="10.311"/>
  <testcase classname="com.flipkart.test.ShoppingCartPageTest" name="verifyShoppingCartPage" time="20.411"/>
  <testcase classname="com.flipkart.test.OrderDetailsPageTest" name="VerifyOrderDetailsPage" time="0.231"/>
</testsuite> <!-- Test -->
