<?xml version="1.0" encoding="UTF-8"?>
<testng-results retried="3" ignored="0" total="15" passed="11" failed="1" skipped="0">
  <reporter-output>
  </reporter-output>
  <suite started-at="2022-03-28T13:23:26 IST" name="Suite" finished-at="2022-03-28T13:29:51 IST" duration-ms="384936">
    <groups>
    </groups>
    <test started-at="2022-03-28T13:23:26 IST" name="Test" finished-at="2022-03-28T13:29:51 IST" duration-ms="384936">
      <class name="com.flipkart.test.OrderConfirmationPageTest">
        <test-method is-config="true" signature="initialize()[pri:0, instance:com.flipkart.test.OrderConfirmationPageTest@4b7dc788]" started-at="2022-03-28T13:26:15 IST" name="initialize" finished-at="2022-03-28T13:27:21 IST" duration-ms="66217" status="PASS">
          <reporter-output>
          </reporter-output>
        </test-method> <!-- initialize -->
        <test-method signature="VerifyPaymentDetails(java.lang.String,java.lang.String,java.lang.String,java.lang.String)[pri:1, instance:com.flipkart.test.OrderConfirmationPageTest@4b7dc788]" started-at="2022-03-28T13:27:21 IST" name="VerifyPaymentDetails" data-provider="getOrderConfimationPageDetails" finished-at="2022-03-28T13:27:21 IST" duration-ms="143" status="PASS">
          <params>
            <param index="0">
              <value>
                <![CDATA[ORDER CONFIRMATION]]>
              </value>
            </param>
            <param index="1">
              <value>
                <![CDATA[Your order on My Store is complete.]]>
              </value>
            </param>
            <param index="2">
              <value>
                <![CDATA[Your order will be sent as soon as we receive your payment.]]>
              </value>
            </param>
            <param index="3">
              <value>
                <![CDATA[$18.51]]>
              </value>
            </param>
          </params>
          <reporter-output>
          </reporter-output>
        </test-method> <!-- VerifyPaymentDetails -->
        <test-method is-config="true" signature="tearDown()[pri:0, instance:com.flipkart.test.OrderConfirmationPageTest@4b7dc788]" started-at="2022-03-28T13:27:21 IST" name="tearDown" finished-at="2022-03-28T13:27:22 IST" duration-ms="814" status="PASS">
          <reporter-output>
          </reporter-output>
        </test-method> <!-- tearDown -->
      </class> <!-- com.flipkart.test.OrderConfirmationPageTest -->
      <class name="com.flipkart.test.AccountsPageTest">
        <test-method is-config="true" signature="setUp()[pri:0, instance:com.flipkart.test.AccountsPageTest@6cdba6dc]" started-at="2022-03-28T13:27:32 IST" name="setUp" finished-at="2022-03-28T13:27:41 IST" duration-ms="9192" status="PASS">
          <reporter-output>
          </reporter-output>
        </test-method> <!-- setUp -->
        <test-method signature="verifyHomePageTitle()[pri:1, instance:com.flipkart.test.AccountsPageTest@6cdba6dc]" started-at="2022-03-28T13:27:41 IST" name="verifyHomePageTitle" finished-at="2022-03-28T13:27:41 IST" duration-ms="7" status="PASS">
          <reporter-output>
          </reporter-output>
        </test-method> <!-- verifyHomePageTitle -->
        <test-method is-config="true" signature="tearDown()[pri:0, instance:com.flipkart.test.AccountsPageTest@6cdba6dc]" started-at="2022-03-28T13:27:41 IST" name="tearDown" finished-at="2022-03-28T13:27:42 IST" duration-ms="759" status="PASS">
          <reporter-output>
          </reporter-output>
        </test-method> <!-- tearDown -->
        <test-method is-config="true" signature="setUp()[pri:0, instance:com.flipkart.test.AccountsPageTest@6cdba6dc]" started-at="2022-03-28T13:28:49 IST" name="setUp" finished-at="2022-03-28T13:28:58 IST" duration-ms="8950" status="PASS">
          <reporter-output>
          </reporter-output>
        </test-method> <!-- setUp -->
        <test-method signature="verifyTabItemsInAccountsPage(java.lang.String,java.lang.String,java.lang.String,java.lang.String,java.lang.String)[pri:2, instance:com.flipkart.test.AccountsPageTest@6cdba6dc]" started-at="2022-03-28T13:28:58 IST" name="verifyTabItemsInAccountsPage" data-provider="getAccountsTestData" finished-at="2022-03-28T13:28:58 IST" duration-ms="173" status="PASS">
          <params>
            <param index="0">
              <value>
                <![CDATA[Order history and details]]>
              </value>
            </param>
            <param index="1">
              <value>
                <![CDATA[My credit slips]]>
              </value>
            </param>
            <param index="2">
              <value>
                <![CDATA[My addresses]]>
              </value>
            </param>
            <param index="3">
              <value>
                <![CDATA[My personal information]]>
              </value>
            </param>
            <param index="4">
              <value>
                <![CDATA[My wishlists]]>
              </value>
            </param>
          </params>
          <reporter-output>
          </reporter-output>
        </test-method> <!-- verifyTabItemsInAccountsPage -->
        <test-method is-config="true" signature="tearDown()[pri:0, instance:com.flipkart.test.AccountsPageTest@6cdba6dc]" started-at="2022-03-28T13:28:58 IST" name="tearDown" finished-at="2022-03-28T13:28:59 IST" duration-ms="767" status="PASS">
          <reporter-output>
          </reporter-output>
        </test-method> <!-- tearDown -->
      </class> <!-- com.flipkart.test.AccountsPageTest -->
      <class name="com.flipkart.test.OrderShippingPageTest">
        <test-method is-config="true" signature="initialize()[pri:0, instance:com.flipkart.test.OrderShippingPageTest@1f75a668]" started-at="2022-03-28T13:23:26 IST" name="initialize" finished-at="2022-03-28T13:24:06 IST" duration-ms="40409" status="PASS">
          <reporter-output>
          </reporter-output>
        </test-method> <!-- initialize -->
        <test-method signature="VerifyOrderDetails(java.lang.String,java.lang.String,java.lang.String,java.lang.String,java.lang.String)[pri:1, instance:com.flipkart.test.OrderShippingPageTest@1f75a668]" started-at="2022-03-28T13:24:07 IST" name="VerifyOrderDetails" data-provider="getOrderShippingDetails" finished-at="2022-03-28T13:24:07 IST" duration-ms="340" status="PASS">
          <params>
            <param index="0">
              <value>
                <![CDATA[Faded Short Sleeve T-shirts]]>
              </value>
            </param>
            <param index="1">
              <value>
                <![CDATA[$16.51]]>
              </value>
            </param>
            <param index="2">
              <value>
                <![CDATA[1.0]]>
              </value>
            </param>
            <param index="3">
              <value>
                <![CDATA[rgb(57, 155, 73)]]>
              </value>
            </param>
            <param index="4">
              <value>
                <![CDATA[In stock]]>
              </value>
            </param>
          </params>
          <reporter-output>
          </reporter-output>
        </test-method> <!-- VerifyOrderDetails -->
        <test-method is-config="true" signature="tearDown()[pri:0, instance:com.flipkart.test.OrderShippingPageTest@1f75a668]" started-at="2022-03-28T13:24:07 IST" name="tearDown" finished-at="2022-03-28T13:24:08 IST" duration-ms="832" status="PASS">
          <reporter-output>
          </reporter-output>
        </test-method> <!-- tearDown -->
      </class> <!-- com.flipkart.test.OrderShippingPageTest -->
      <class name="com.flipkart.test.OrderDetailsPageTest">
        <test-method is-config="true" signature="initialize()[pri:0, instance:com.flipkart.test.OrderDetailsPageTest@78aa1f72]" started-at="2022-03-28T13:24:08 IST" name="initialize" finished-at="2022-03-28T13:24:44 IST" duration-ms="35655" status="PASS">
          <reporter-output>
          </reporter-output>
        </test-method> <!-- initialize -->
        <test-method signature="VerifyOrderDetailsPage(java.lang.String,java.lang.String,java.lang.String,java.lang.String,java.lang.String)[pri:1, instance:com.flipkart.test.OrderDetailsPageTest@78aa1f72]" started-at="2022-03-28T13:24:44 IST" name="VerifyOrderDetailsPage" data-provider="getOrderDetails" finished-at="2022-03-28T13:24:44 IST" duration-ms="272" status="PASS">
          <params>
            <param index="0">
              <value>
                <![CDATA[Faded Short Sleeve T-shirts]]>
              </value>
            </param>
            <param index="1">
              <value>
                <![CDATA[$16.51]]>
              </value>
            </param>
            <param index="2">
              <value>
                <![CDATA[1.0]]>
              </value>
            </param>
            <param index="3">
              <value>
                <![CDATA[rgb(57, 155, 73)]]>
              </value>
            </param>
            <param index="4">
              <value>
                <![CDATA[In stock]]>
              </value>
            </param>
          </params>
          <reporter-output>
          </reporter-output>
        </test-method> <!-- VerifyOrderDetailsPage -->
        <test-method is-config="true" signature="tearDown()[pri:0, instance:com.flipkart.test.OrderDetailsPageTest@78aa1f72]" started-at="2022-03-28T13:24:44 IST" name="tearDown" finished-at="2022-03-28T13:24:45 IST" duration-ms="793" status="PASS">
          <reporter-output>
          </reporter-output>
        </test-method> <!-- tearDown -->
      </class> <!-- com.flipkart.test.OrderDetailsPageTest -->
      <class name="com.flipkart.test.WomenProductPageTest">
        <test-method is-config="true" signature="init()[pri:0, instance:com.flipkart.test.WomenProductPageTest@7d3d101b]" started-at="2022-03-28T13:27:42 IST" name="init" finished-at="2022-03-28T13:27:54 IST" duration-ms="12189" status="PASS">
          <reporter-output>
          </reporter-output>
        </test-method> <!-- init -->
        <test-method signature="verifyProductDetailsPage(java.lang.String,java.lang.String)[pri:1, instance:com.flipkart.test.WomenProductPageTest@7d3d101b]" started-at="2022-03-28T13:27:54 IST" name="verifyProductDetailsPage" data-provider="getProduceDetails" finished-at="2022-03-28T13:28:04 IST" duration-ms="10363" status="PASS">
          <params>
            <param index="0">
              <value>
                <![CDATA[Faded Short Sleeve T-shirts]]>
              </value>
            </param>
            <param index="1">
              <value>
                <![CDATA[$16.51]]>
              </value>
            </param>
          </params>
          <reporter-output>
          </reporter-output>
        </test-method> <!-- verifyProductDetailsPage -->
        <test-method is-config="true" signature="tearDown()[pri:0, instance:com.flipkart.test.WomenProductPageTest@7d3d101b]" started-at="2022-03-28T13:28:04 IST" name="tearDown" finished-at="2022-03-28T13:28:05 IST" duration-ms="790" status="PASS">
          <reporter-output>
          </reporter-output>
        </test-method> <!-- tearDown -->
      </class> <!-- com.flipkart.test.WomenProductPageTest -->
      <class name="com.flipkart.test.OrderPaymentPageTest">
        <test-method is-config="true" signature="initialize()[pri:0, instance:com.flipkart.test.OrderPaymentPageTest@35399441]" started-at="2022-03-28T13:24:45 IST" name="initialize" finished-at="2022-03-28T13:26:14 IST" duration-ms="89534" status="PASS">
          <reporter-output>
          </reporter-output>
        </test-method> <!-- initialize -->
        <test-method signature="VerifyPaymentDetails(java.lang.String,java.lang.String,java.lang.String)[pri:1, instance:com.flipkart.test.OrderPaymentPageTest@35399441]" started-at="2022-03-28T13:26:14 IST" name="VerifyPaymentDetails" data-provider="getOrderPaymentDetails" finished-at="2022-03-28T13:26:14 IST" duration-ms="76" status="PASS">
          <params>
            <param index="0">
              <value>
                <![CDATA[CHECK PAYMENT]]>
              </value>
            </param>
            <param index="1">
              <value>
                <![CDATA[You have chosen to pay by check. Here is a short summary of your order:]]>
              </value>
            </param>
            <param index="2">
              <value>
                <![CDATA[$18.51]]>
              </value>
            </param>
          </params>
          <reporter-output>
          </reporter-output>
        </test-method> <!-- VerifyPaymentDetails -->
        <test-method is-config="true" signature="tearDown()[pri:0, instance:com.flipkart.test.OrderPaymentPageTest@35399441]" started-at="2022-03-28T13:26:14 IST" name="tearDown" finished-at="2022-03-28T13:26:15 IST" duration-ms="810" status="PASS">
          <reporter-output>
          </reporter-output>
        </test-method> <!-- tearDown -->
      </class> <!-- com.flipkart.test.OrderPaymentPageTest -->
      <class name="com.flipkart.test.LoginPageTest">
        <test-method is-config="true" signature="setUp()[pri:0, instance:com.flipkart.test.LoginPageTest@1acaf3d]" started-at="2022-03-28T13:27:22 IST" name="setUp" finished-at="2022-03-28T13:27:31 IST" duration-ms="8660" status="PASS">
          <reporter-output>
          </reporter-output>
        </test-method> <!-- setUp -->
        <test-method signature="loginPageTitleTest()[pri:1, instance:com.flipkart.test.LoginPageTest@1acaf3d]" started-at="2022-03-28T13:27:31 IST" name="loginPageTitleTest" finished-at="2022-03-28T13:27:31 IST" duration-ms="6" status="PASS">
          <reporter-output>
          </reporter-output>
        </test-method> <!-- loginPageTitleTest -->
        <test-method is-config="true" signature="tearDown()[pri:0, instance:com.flipkart.test.LoginPageTest@1acaf3d]" started-at="2022-03-28T13:27:31 IST" name="tearDown" finished-at="2022-03-28T13:27:32 IST" duration-ms="757" status="PASS">
          <reporter-output>
          </reporter-output>
        </test-method> <!-- tearDown -->
        <test-method is-config="true" signature="setUp()[pri:0, instance:com.flipkart.test.LoginPageTest@1acaf3d]" started-at="2022-03-28T13:28:41 IST" name="setUp" finished-at="2022-03-28T13:28:48 IST" duration-ms="6823" status="PASS">
          <reporter-output>
          </reporter-output>
        </test-method> <!-- setUp -->
        <test-method signature="logoValidationTest()[pri:2, instance:com.flipkart.test.LoginPageTest@1acaf3d]" started-at="2022-03-28T13:28:48 IST" name="logoValidationTest" finished-at="2022-03-28T13:28:48 IST" duration-ms="30" status="PASS">
          <reporter-output>
          </reporter-output>
        </test-method> <!-- logoValidationTest -->
        <test-method is-config="true" signature="tearDown()[pri:0, instance:com.flipkart.test.LoginPageTest@1acaf3d]" started-at="2022-03-28T13:28:48 IST" name="tearDown" finished-at="2022-03-28T13:28:49 IST" duration-ms="743" status="PASS">
          <reporter-output>
          </reporter-output>
        </test-method> <!-- tearDown -->
        <test-method is-config="true" signature="setUp()[pri:0, instance:com.flipkart.test.LoginPageTest@1acaf3d]" started-at="2022-03-28T13:28:59 IST" name="setUp" finished-at="2022-03-28T13:29:07 IST" duration-ms="7799" status="PASS">
          <reporter-output>
          </reporter-output>
        </test-method> <!-- setUp -->
        <test-method signature="loginTest(java.lang.String,java.lang.String)[pri:3, instance:com.flipkart.test.LoginPageTest@1acaf3d]" started-at="2022-03-28T13:29:07 IST" name="loginTest" data-provider="getLoginTestData" finished-at="2022-03-28T13:29:08 IST" duration-ms="1889" status="PASS">
          <params>
            <param index="0">
              <value>
                <![CDATA[dineshrenganathan@solutionchamps.com]]>
              </value>
            </param>
            <param index="1">
              <value>
                <![CDATA[Welcome123$]]>
              </value>
            </param>
          </params>
          <reporter-output>
          </reporter-output>
        </test-method> <!-- loginTest -->
        <test-method is-config="true" signature="tearDown()[pri:0, instance:com.flipkart.test.LoginPageTest@1acaf3d]" started-at="2022-03-28T13:29:08 IST" name="tearDown" finished-at="2022-03-28T13:29:09 IST" duration-ms="788" status="PASS">
          <reporter-output>
          </reporter-output>
        </test-method> <!-- tearDown -->
        <test-method is-config="true" signature="setUp()[pri:0, instance:com.flipkart.test.LoginPageTest@1acaf3d]" started-at="2022-03-28T13:29:09 IST" name="setUp" finished-at="2022-03-28T13:29:17 IST" duration-ms="7885" status="PASS">
          <reporter-output>
          </reporter-output>
        </test-method> <!-- setUp -->
        <test-method retried="true" signature="loginTest(java.lang.String,java.lang.String)[pri:3, instance:com.flipkart.test.LoginPageTest@1acaf3d]" started-at="2022-03-28T13:29:17 IST" name="loginTest" data-provider="getLoginTestData" finished-at="2022-03-28T13:29:19 IST" duration-ms="1699" status="SKIP">
          <params>
            <param index="0">
              <value>
                <![CDATA[arun@gmail.com]]>
              </value>
            </param>
            <param index="1">
              <value>
                <![CDATA[abcd123$]]>
              </value>
            </param>
          </params>
          <exception class="java.lang.AssertionError">
            <message>
              <![CDATA[expected [My account - My Store] but found [Login - My Store]]]>
            </message>
            <full-stacktrace>
              <![CDATA[java.lang.AssertionError: expected [My account - My Store] but found [Login - My Store]
at org.testng.Assert.fail(Assert.java:99)
at org.testng.Assert.failNotEquals(Assert.java:1037)
at org.testng.Assert.assertEqualsImpl(Assert.java:140)
at org.testng.Assert.assertEquals(Assert.java:122)
at org.testng.Assert.assertEquals(Assert.java:629)
at org.testng.Assert.assertEquals(Assert.java:639)
at com.flipkart.test.LoginPageTest.loginTest(LoginPageTest.java:87)
at java.base/jdk.internal.reflect.NativeMethodAccessorImpl.invoke0(Native Method)
at java.base/jdk.internal.reflect.NativeMethodAccessorImpl.invoke(NativeMethodAccessorImpl.java:64)
at java.base/jdk.internal.reflect.DelegatingMethodAccessorImpl.invoke(DelegatingMethodAccessorImpl.java:43)
at java.base/java.lang.reflect.Method.invoke(Method.java:564)
at org.testng.internal.MethodInvocationHelper.invokeMethod(MethodInvocationHelper.java:133)
at org.testng.internal.TestInvoker.invokeMethod(TestInvoker.java:598)
at org.testng.internal.TestInvoker.invokeTestMethod(TestInvoker.java:173)
at org.testng.internal.MethodRunner.runInSequence(MethodRunner.java:46)
at org.testng.internal.TestInvoker$MethodInvocationAgent.invoke(TestInvoker.java:824)
at org.testng.internal.TestInvoker.invokeTestMethods(TestInvoker.java:146)
at org.testng.internal.TestMethodWorker.invokeTestMethods(TestMethodWorker.java:146)
at org.testng.internal.TestMethodWorker.run(TestMethodWorker.java:128)
at java.base/java.util.ArrayList.forEach(ArrayList.java:1511)
at org.testng.TestRunner.privateRun(TestRunner.java:794)
at org.testng.TestRunner.run(TestRunner.java:596)
at org.testng.SuiteRunner.runTest(SuiteRunner.java:377)
at org.testng.SuiteRunner.access$000(SuiteRunner.java:28)
at org.testng.SuiteRunner$SuiteWorker.run(SuiteRunner.java:418)
at org.testng.internal.thread.ThreadUtil.lambda$execute$0(ThreadUtil.java:64)
at java.base/java.util.concurrent.FutureTask.run(FutureTask.java:264)
at java.base/java.util.concurrent.ThreadPoolExecutor.runWorker(ThreadPoolExecutor.java:1130)
at java.base/java.util.concurrent.ThreadPoolExecutor$Worker.run(ThreadPoolExecutor.java:630)
at java.base/java.lang.Thread.run(Thread.java:832)
]]>
            </full-stacktrace>
          </exception> <!-- java.lang.AssertionError -->
          <reporter-output>
          </reporter-output>
        </test-method> <!-- loginTest -->
        <test-method is-config="true" signature="tearDown()[pri:0, instance:com.flipkart.test.LoginPageTest@1acaf3d]" started-at="2022-03-28T13:29:19 IST" name="tearDown" finished-at="2022-03-28T13:29:20 IST" duration-ms="827" status="PASS">
          <reporter-output>
          </reporter-output>
        </test-method> <!-- tearDown -->
        <test-method is-config="true" signature="setUp()[pri:0, instance:com.flipkart.test.LoginPageTest@1acaf3d]" started-at="2022-03-28T13:29:20 IST" name="setUp" finished-at="2022-03-28T13:29:27 IST" duration-ms="6982" status="PASS">
          <reporter-output>
          </reporter-output>
        </test-method> <!-- setUp -->
        <test-method retried="true" signature="loginTest(java.lang.String,java.lang.String)[pri:3, instance:com.flipkart.test.LoginPageTest@1acaf3d]" started-at="2022-03-28T13:29:27 IST" name="loginTest" data-provider="getLoginTestData" finished-at="2022-03-28T13:29:28 IST" duration-ms="1164" status="SKIP">
          <params>
            <param index="0">
              <value>
                <![CDATA[arun@gmail.com]]>
              </value>
            </param>
            <param index="1">
              <value>
                <![CDATA[abcd123$]]>
              </value>
            </param>
          </params>
          <exception class="java.lang.AssertionError">
            <message>
              <![CDATA[expected [My account - My Store] but found [Login - My Store]]]>
            </message>
            <full-stacktrace>
              <![CDATA[java.lang.AssertionError: expected [My account - My Store] but found [Login - My Store]
at org.testng.Assert.fail(Assert.java:99)
at org.testng.Assert.failNotEquals(Assert.java:1037)
at org.testng.Assert.assertEqualsImpl(Assert.java:140)
at org.testng.Assert.assertEquals(Assert.java:122)
at org.testng.Assert.assertEquals(Assert.java:629)
at org.testng.Assert.assertEquals(Assert.java:639)
at com.flipkart.test.LoginPageTest.loginTest(LoginPageTest.java:87)
at java.base/jdk.internal.reflect.NativeMethodAccessorImpl.invoke0(Native Method)
at java.base/jdk.internal.reflect.NativeMethodAccessorImpl.invoke(NativeMethodAccessorImpl.java:64)
at java.base/jdk.internal.reflect.DelegatingMethodAccessorImpl.invoke(DelegatingMethodAccessorImpl.java:43)
at java.base/java.lang.reflect.Method.invoke(Method.java:564)
at org.testng.internal.MethodInvocationHelper.invokeMethod(MethodInvocationHelper.java:133)
at org.testng.internal.TestInvoker.invokeMethod(TestInvoker.java:598)
at org.testng.internal.TestInvoker.retryFailed(TestInvoker.java:213)
at org.testng.internal.MethodRunner.runInSequence(MethodRunner.java:58)
at org.testng.internal.TestInvoker$MethodInvocationAgent.invoke(TestInvoker.java:824)
at org.testng.internal.TestInvoker.invokeTestMethods(TestInvoker.java:146)
at org.testng.internal.TestMethodWorker.invokeTestMethods(TestMethodWorker.java:146)
at org.testng.internal.TestMethodWorker.run(TestMethodWorker.java:128)
at java.base/java.util.ArrayList.forEach(ArrayList.java:1511)
at org.testng.TestRunner.privateRun(TestRunner.java:794)
at org.testng.TestRunner.run(TestRunner.java:596)
at org.testng.SuiteRunner.runTest(SuiteRunner.java:377)
at org.testng.SuiteRunner.access$000(SuiteRunner.java:28)
at org.testng.SuiteRunner$SuiteWorker.run(SuiteRunner.java:418)
at org.testng.internal.thread.ThreadUtil.lambda$execute$0(ThreadUtil.java:64)
at java.base/java.util.concurrent.FutureTask.run(FutureTask.java:264)
at java.base/java.util.concurrent.ThreadPoolExecutor.runWorker(ThreadPoolExecutor.java:1130)
at java.base/java.util.concurrent.ThreadPoolExecutor$Worker.run(ThreadPoolExecutor.java:630)
at java.base/java.lang.Thread.run(Thread.java:832)
]]>
            </full-stacktrace>
          </exception> <!-- java.lang.AssertionError -->
          <reporter-output>
          </reporter-output>
        </test-method> <!-- loginTest -->
        <test-method is-config="true" signature="tearDown()[pri:0, instance:com.flipkart.test.LoginPageTest@1acaf3d]" started-at="2022-03-28T13:29:28 IST" name="tearDown" finished-at="2022-03-28T13:29:29 IST" duration-ms="804" status="PASS">
          <reporter-output>
          </reporter-output>
        </test-method> <!-- tearDown -->
        <test-method is-config="true" signature="setUp()[pri:0, instance:com.flipkart.test.LoginPageTest@1acaf3d]" started-at="2022-03-28T13:29:29 IST" name="setUp" finished-at="2022-03-28T13:29:36 IST" duration-ms="7156" status="PASS">
          <reporter-output>
          </reporter-output>
        </test-method> <!-- setUp -->
        <test-method retried="true" signature="loginTest(java.lang.String,java.lang.String)[pri:3, instance:com.flipkart.test.LoginPageTest@1acaf3d]" started-at="2022-03-28T13:29:36 IST" name="loginTest" data-provider="getLoginTestData" finished-at="2022-03-28T13:29:37 IST" duration-ms="1212" status="SKIP">
          <params>
            <param index="0">
              <value>
                <![CDATA[arun@gmail.com]]>
              </value>
            </param>
            <param index="1">
              <value>
                <![CDATA[abcd123$]]>
              </value>
            </param>
          </params>
          <exception class="java.lang.AssertionError">
            <message>
              <![CDATA[expected [My account - My Store] but found [Login - My Store]]]>
            </message>
            <full-stacktrace>
              <![CDATA[java.lang.AssertionError: expected [My account - My Store] but found [Login - My Store]
at org.testng.Assert.fail(Assert.java:99)
at org.testng.Assert.failNotEquals(Assert.java:1037)
at org.testng.Assert.assertEqualsImpl(Assert.java:140)
at org.testng.Assert.assertEquals(Assert.java:122)
at org.testng.Assert.assertEquals(Assert.java:629)
at org.testng.Assert.assertEquals(Assert.java:639)
at com.flipkart.test.LoginPageTest.loginTest(LoginPageTest.java:87)
at java.base/jdk.internal.reflect.NativeMethodAccessorImpl.invoke0(Native Method)
at java.base/jdk.internal.reflect.NativeMethodAccessorImpl.invoke(NativeMethodAccessorImpl.java:64)
at java.base/jdk.internal.reflect.DelegatingMethodAccessorImpl.invoke(DelegatingMethodAccessorImpl.java:43)
at java.base/java.lang.reflect.Method.invoke(Method.java:564)
at org.testng.internal.MethodInvocationHelper.invokeMethod(MethodInvocationHelper.java:133)
at org.testng.internal.TestInvoker.invokeMethod(TestInvoker.java:598)
at org.testng.internal.TestInvoker.retryFailed(TestInvoker.java:213)
at org.testng.internal.MethodRunner.runInSequence(MethodRunner.java:58)
at org.testng.internal.TestInvoker$MethodInvocationAgent.invoke(TestInvoker.java:824)
at org.testng.internal.TestInvoker.invokeTestMethods(TestInvoker.java:146)
at org.testng.internal.TestMethodWorker.invokeTestMethods(TestMethodWorker.java:146)
at org.testng.internal.TestMethodWorker.run(TestMethodWorker.java:128)
at java.base/java.util.ArrayList.forEach(ArrayList.java:1511)
at org.testng.TestRunner.privateRun(TestRunner.java:794)
at org.testng.TestRunner.run(TestRunner.java:596)
at org.testng.SuiteRunner.runTest(SuiteRunner.java:377)
at org.testng.SuiteRunner.access$000(SuiteRunner.java:28)
at org.testng.SuiteRunner$SuiteWorker.run(SuiteRunner.java:418)
at org.testng.internal.thread.ThreadUtil.lambda$execute$0(ThreadUtil.java:64)
at java.base/java.util.concurrent.FutureTask.run(FutureTask.java:264)
at java.base/java.util.concurrent.ThreadPoolExecutor.runWorker(ThreadPoolExecutor.java:1130)
at java.base/java.util.concurrent.ThreadPoolExecutor$Worker.run(ThreadPoolExecutor.java:630)
at java.base/java.lang.Thread.run(Thread.java:832)
]]>
            </full-stacktrace>
          </exception> <!-- java.lang.AssertionError -->
          <reporter-output>
          </reporter-output>
        </test-method> <!-- loginTest -->
        <test-method is-config="true" signature="tearDown()[pri:0, instance:com.flipkart.test.LoginPageTest@1acaf3d]" started-at="2022-03-28T13:29:38 IST" name="tearDown" finished-at="2022-03-28T13:29:38 IST" duration-ms="820" status="PASS">
          <reporter-output>
          </reporter-output>
        </test-method> <!-- tearDown -->
        <test-method is-config="true" signature="setUp()[pri:0, instance:com.flipkart.test.LoginPageTest@1acaf3d]" started-at="2022-03-28T13:29:38 IST" name="setUp" finished-at="2022-03-28T13:29:46 IST" duration-ms="8144" status="PASS">
          <reporter-output>
          </reporter-output>
        </test-method> <!-- setUp -->
        <test-method signature="loginTest(java.lang.String,java.lang.String)[pri:3, instance:com.flipkart.test.LoginPageTest@1acaf3d]" started-at="2022-03-28T13:29:46 IST" name="loginTest" data-provider="getLoginTestData" finished-at="2022-03-28T13:29:50 IST" duration-ms="3265" status="FAIL">
          <params>
            <param index="0">
              <value>
                <![CDATA[arun@gmail.com]]>
              </value>
            </param>
            <param index="1">
              <value>
                <![CDATA[abcd123$]]>
              </value>
            </param>
          </params>
          <exception class="java.lang.AssertionError">
            <message>
              <![CDATA[expected [My account - My Store] but found [Login - My Store]]]>
            </message>
            <full-stacktrace>
              <![CDATA[java.lang.AssertionError: expected [My account - My Store] but found [Login - My Store]
at org.testng.Assert.fail(Assert.java:99)
at org.testng.Assert.failNotEquals(Assert.java:1037)
at org.testng.Assert.assertEqualsImpl(Assert.java:140)
at org.testng.Assert.assertEquals(Assert.java:122)
at org.testng.Assert.assertEquals(Assert.java:629)
at org.testng.Assert.assertEquals(Assert.java:639)
at com.flipkart.test.LoginPageTest.loginTest(LoginPageTest.java:87)
at java.base/jdk.internal.reflect.NativeMethodAccessorImpl.invoke0(Native Method)
at java.base/jdk.internal.reflect.NativeMethodAccessorImpl.invoke(NativeMethodAccessorImpl.java:64)
at java.base/jdk.internal.reflect.DelegatingMethodAccessorImpl.invoke(DelegatingMethodAccessorImpl.java:43)
at java.base/java.lang.reflect.Method.invoke(Method.java:564)
at org.testng.internal.MethodInvocationHelper.invokeMethod(MethodInvocationHelper.java:133)
at org.testng.internal.TestInvoker.invokeMethod(TestInvoker.java:598)
at org.testng.internal.TestInvoker.retryFailed(TestInvoker.java:213)
at org.testng.internal.MethodRunner.runInSequence(MethodRunner.java:58)
at org.testng.internal.TestInvoker$MethodInvocationAgent.invoke(TestInvoker.java:824)
at org.testng.internal.TestInvoker.invokeTestMethods(TestInvoker.java:146)
at org.testng.internal.TestMethodWorker.invokeTestMethods(TestMethodWorker.java:146)
at org.testng.internal.TestMethodWorker.run(TestMethodWorker.java:128)
at java.base/java.util.ArrayList.forEach(ArrayList.java:1511)
at org.testng.TestRunner.privateRun(TestRunner.java:794)
at org.testng.TestRunner.run(TestRunner.java:596)
at org.testng.SuiteRunner.runTest(SuiteRunner.java:377)
at org.testng.SuiteRunner.access$000(SuiteRunner.java:28)
at org.testng.SuiteRunner$SuiteWorker.run(SuiteRunner.java:418)
at org.testng.internal.thread.ThreadUtil.lambda$execute$0(ThreadUtil.java:64)
at java.base/java.util.concurrent.FutureTask.run(FutureTask.java:264)
at java.base/java.util.concurrent.ThreadPoolExecutor.runWorker(ThreadPoolExecutor.java:1130)
at java.base/java.util.concurrent.ThreadPoolExecutor$Worker.run(ThreadPoolExecutor.java:630)
at java.base/java.lang.Thread.run(Thread.java:832)
]]>
            </full-stacktrace>
          </exception> <!-- java.lang.AssertionError -->
          <reporter-output>
          </reporter-output>
        </test-method> <!-- loginTest -->
        <test-method is-config="true" signature="tearDown()[pri:0, instance:com.flipkart.test.LoginPageTest@1acaf3d]" started-at="2022-03-28T13:29:50 IST" name="tearDown" finished-at="2022-03-28T13:29:51 IST" duration-ms="781" status="PASS">
          <reporter-output>
          </reporter-output>
        </test-method> <!-- tearDown -->
      </class> <!-- com.flipkart.test.LoginPageTest -->
      <class name="com.flipkart.test.ShoppingCartPageTest">
        <test-method is-config="true" signature="initialize()[pri:0, instance:com.flipkart.test.ShoppingCartPageTest@30c8681]" started-at="2022-03-28T13:28:05 IST" name="initialize" finished-at="2022-03-28T13:28:20 IST" duration-ms="14773" status="PASS">
          <reporter-output>
          </reporter-output>
        </test-method> <!-- initialize -->
        <test-method signature="verifyShoppingCartPage(java.lang.String,java.lang.String,java.lang.String,java.lang.String)[pri:1, instance:com.flipkart.test.ShoppingCartPageTest@30c8681]" started-at="2022-03-28T13:28:20 IST" name="verifyShoppingCartPage" data-provider="getShoppingCartDetails" finished-at="2022-03-28T13:28:40 IST" duration-ms="20527" status="PASS">
          <params>
            <param index="0">
              <value>
                <![CDATA[Faded Short Sleeve T-shirts]]>
              </value>
            </param>
            <param index="1">
              <value>
                <![CDATA[$16.51]]>
              </value>
            </param>
            <param index="2">
              <value>
                <![CDATA[Product successfully added to your shopping cart]]>
              </value>
            </param>
            <param index="3">
              <value>
                <![CDATA[1]]>
              </value>
            </param>
          </params>
          <reporter-output>
          </reporter-output>
        </test-method> <!-- verifyShoppingCartPage -->
        <test-method is-config="true" signature="tearDown()[pri:0, instance:com.flipkart.test.ShoppingCartPageTest@30c8681]" started-at="2022-03-28T13:28:40 IST" name="tearDown" finished-at="2022-03-28T13:28:41 IST" duration-ms="809" status="PASS">
          <reporter-output>
          </reporter-output>
        </test-method> <!-- tearDown -->
      </class> <!-- com.flipkart.test.ShoppingCartPageTest -->
    </test> <!-- Test -->
  </suite> <!-- Suite -->
</testng-results>
